[]
[]
[]
[]
[]
[]
[]
[]
[]
[]
[]
[]
null
null
"all"
"Cameroun"
"all"
"Cameroun"
"Cameroun"
"Cameroun"
"all"
"Douala"
"Cameroun"
"all"
"Douala"
"Cameroun"
"all"
"Douala"
"all"
"all"
"all"
"Cameroun"
"all"
"all"
"Cameroun"
"all"
"Douala"
"Cameroun"
"all"
"Douala"
"Cameroun"
"all"
"Ngaoundere"
"Cameroun"
"Expert"
"Ngaoundere"
"all"
"Expert"
"all"
"all"
"all"
"all"
"Cameroun"
"all"
"all"
"all"
"all"
"all"
"all"
"all"
"all"
"all"
"all"
"all"
"all"
"all"
"all"
"Burkina Faso"
"all"
"all"
"Cote d'Ivoire"
"all"
"all"
"Cameroun"
"all"
"all"
"Cameroun"
"all"
"Douala"
"Cameroun"
"Senior"
"Douala"
"Cameroun"
"Expert"
"Douala"
"Cameroun"
"Expert"
"Douala"
"Cameroun"
"Expert"
"Douala"
"all"
"Expert"
"all"
"all"
"all"
"all"
"all"
"all"
"all"
"all"
"Junior"
"all"
"all"
"Senior"
"all"
"Burkina Faso"
"Senior"
"all"
"Cameroun"
"Senior"
"all"
"Cameroun"
"Senior"
"Bafoussam"
"Cameroun"
"all"
"Bafoussam"
"Cameroun"
"all"
"Bertoua"
"Cameroun"
"all"
"Douala"
"Cameroun"
"all"
"Garoua"
"Cameroun"
"all"
"Ngaoundere"
"Cameroun"
"all"
"Yaound\u00e9"
"Cameroun"
"Junior"
"Yaound\u00e9"
